{"/home/andrewsittner/hackreactor/FEC/client/src/components/App.jsx": {"path":"/home/andrewsittner/hackreactor/FEC/client/src/components/App.jsx","statementMap":{"0":{"start":{"line":11,"column":12},"end":{"line":24,"column":1}},"1":{"start":{"line":12,"column":36},"end":{"line":12,"column":48}},"2":{"start":{"line":14,"column":2},"end":{"line":23,"column":4}}},"fnMap":{"0":{"name":"(anonymous_0)","decl":{"start":{"line":11,"column":12},"end":{"line":11,"column":13}},"loc":{"start":{"line":11,"column":23},"end":{"line":24,"column":1}},"line":11}},"branchMap":{},"s":{"0":1,"1":0,"2":0},"f":{"0":0},"b":{},"_coverageSchema":"1a1c01bbd47fc00a2c39e90264f33305004495a9","hash":"f9dad01b3af76fa77f7c4e5787fcc10671bd2c6c"}
,"/home/andrewsittner/hackreactor/FEC/client/src/components/OverviewFolder/Overview.jsx": {"path":"/home/andrewsittner/hackreactor/FEC/client/src/components/OverviewFolder/Overview.jsx","statementMap":{"0":{"start":{"line":4,"column":17},"end":{"line":16,"column":1}},"1":{"start":{"line":10,"column":2},"end":{"line":15,"column":3}}},"fnMap":{"0":{"name":"(anonymous_0)","decl":{"start":{"line":4,"column":17},"end":{"line":4,"column":18}},"loc":{"start":{"line":4,"column":28},"end":{"line":16,"column":1}},"line":4}},"branchMap":{},"s":{"0":1,"1":0},"f":{"0":0},"b":{},"_coverageSchema":"1a1c01bbd47fc00a2c39e90264f33305004495a9","hash":"048cfbed18db08fe1b83a06f991c9e419a2519ac"}
,"/home/andrewsittner/hackreactor/FEC/client/src/components/QuestionAnswerFolder/QuestionAnswer.jsx": {"path":"/home/andrewsittner/hackreactor/FEC/client/src/components/QuestionAnswerFolder/QuestionAnswer.jsx","statementMap":{"0":{"start":{"line":4,"column":23},"end":{"line":11,"column":1}},"1":{"start":{"line":5,"column":2},"end":{"line":10,"column":3}}},"fnMap":{"0":{"name":"(anonymous_0)","decl":{"start":{"line":4,"column":23},"end":{"line":4,"column":24}},"loc":{"start":{"line":4,"column":34},"end":{"line":11,"column":1}},"line":4}},"branchMap":{},"s":{"0":1,"1":1},"f":{"0":1},"b":{},"_coverageSchema":"1a1c01bbd47fc00a2c39e90264f33305004495a9","hash":"3483f94b3a33500166dc034045201889a22ed2e2"}
,"/home/andrewsittner/hackreactor/FEC/client/src/components/RateAndReviewFolder/NewReview.jsx": {"path":"/home/andrewsittner/hackreactor/FEC/client/src/components/RateAndReviewFolder/NewReview.jsx","statementMap":{"0":{"start":{"line":3,"column":18},"end":{"line":9,"column":1}},"1":{"start":{"line":4,"column":2},"end":{"line":8,"column":3}}},"fnMap":{"0":{"name":"(anonymous_0)","decl":{"start":{"line":3,"column":18},"end":{"line":3,"column":19}},"loc":{"start":{"line":3,"column":29},"end":{"line":9,"column":1}},"line":3}},"branchMap":{},"s":{"0":1,"1":0},"f":{"0":0},"b":{},"_coverageSchema":"1a1c01bbd47fc00a2c39e90264f33305004495a9","hash":"b3a54911286f94f6175d8e4443341a125809b671"}
,"/home/andrewsittner/hackreactor/FEC/client/src/components/RateAndReviewFolder/ProductBreakdown.jsx": {"path":"/home/andrewsittner/hackreactor/FEC/client/src/components/RateAndReviewFolder/ProductBreakdown.jsx","statementMap":{"0":{"start":{"line":3,"column":25},"end":{"line":9,"column":1}},"1":{"start":{"line":4,"column":2},"end":{"line":8,"column":3}}},"fnMap":{"0":{"name":"(anonymous_0)","decl":{"start":{"line":3,"column":25},"end":{"line":3,"column":26}},"loc":{"start":{"line":3,"column":36},"end":{"line":9,"column":1}},"line":3}},"branchMap":{},"s":{"0":1,"1":0},"f":{"0":0},"b":{},"_coverageSchema":"1a1c01bbd47fc00a2c39e90264f33305004495a9","hash":"60996543a349507431ddaabda78116cfffaf1905"}
,"/home/andrewsittner/hackreactor/FEC/client/src/components/RateAndReviewFolder/RateAndReview.jsx": {"path":"/home/andrewsittner/hackreactor/FEC/client/src/components/RateAndReviewFolder/RateAndReview.jsx","statementMap":{"0":{"start":{"line":6,"column":22},"end":{"line":15,"column":1}},"1":{"start":{"line":7,"column":2},"end":{"line":14,"column":3}}},"fnMap":{"0":{"name":"(anonymous_0)","decl":{"start":{"line":6,"column":22},"end":{"line":6,"column":23}},"loc":{"start":{"line":6,"column":33},"end":{"line":15,"column":1}},"line":6}},"branchMap":{},"s":{"0":1,"1":0},"f":{"0":0},"b":{},"_coverageSchema":"1a1c01bbd47fc00a2c39e90264f33305004495a9","hash":"e635ea40b562aeb28a958ddac9d453b7d1bb84d3"}
,"/home/andrewsittner/hackreactor/FEC/client/src/components/RateAndReviewFolder/RatingBreakdown.jsx": {"path":"/home/andrewsittner/hackreactor/FEC/client/src/components/RateAndReviewFolder/RatingBreakdown.jsx","statementMap":{"0":{"start":{"line":3,"column":24},"end":{"line":9,"column":1}},"1":{"start":{"line":4,"column":2},"end":{"line":8,"column":3}}},"fnMap":{"0":{"name":"(anonymous_0)","decl":{"start":{"line":3,"column":24},"end":{"line":3,"column":25}},"loc":{"start":{"line":3,"column":35},"end":{"line":9,"column":1}},"line":3}},"branchMap":{},"s":{"0":1,"1":0},"f":{"0":0},"b":{},"_coverageSchema":"1a1c01bbd47fc00a2c39e90264f33305004495a9","hash":"4fa1c3b383112a3dcb1a3413b40755c79d9fb656"}
,"/home/andrewsittner/hackreactor/FEC/client/src/components/RateAndReviewFolder/ReviewTile.jsx": {"path":"/home/andrewsittner/hackreactor/FEC/client/src/components/RateAndReviewFolder/ReviewTile.jsx","statementMap":{"0":{"start":{"line":3,"column":19},"end":{"line":9,"column":1}},"1":{"start":{"line":4,"column":2},"end":{"line":8,"column":3}}},"fnMap":{"0":{"name":"(anonymous_0)","decl":{"start":{"line":3,"column":19},"end":{"line":3,"column":20}},"loc":{"start":{"line":3,"column":30},"end":{"line":9,"column":1}},"line":3}},"branchMap":{},"s":{"0":1,"1":0},"f":{"0":0},"b":{},"_coverageSchema":"1a1c01bbd47fc00a2c39e90264f33305004495a9","hash":"ab6f637c8210bde5f66a7f7657b27b7cfd1caac4"}
,"/home/andrewsittner/hackreactor/FEC/client/src/components/RateAndReviewFolder/ReviewsList.jsx": {"path":"/home/andrewsittner/hackreactor/FEC/client/src/components/RateAndReviewFolder/ReviewsList.jsx","statementMap":{"0":{"start":{"line":6,"column":20},"end":{"line":15,"column":1}},"1":{"start":{"line":7,"column":2},"end":{"line":14,"column":3}}},"fnMap":{"0":{"name":"(anonymous_0)","decl":{"start":{"line":6,"column":20},"end":{"line":6,"column":21}},"loc":{"start":{"line":6,"column":31},"end":{"line":15,"column":1}},"line":6}},"branchMap":{},"s":{"0":1,"1":0},"f":{"0":0},"b":{},"_coverageSchema":"1a1c01bbd47fc00a2c39e90264f33305004495a9","hash":"ed56d7b460ecbd095e0efb3bc117b93ace1b436f"}
,"/home/andrewsittner/hackreactor/FEC/client/src/components/RateAndReviewFolder/SortOptions.jsx": {"path":"/home/andrewsittner/hackreactor/FEC/client/src/components/RateAndReviewFolder/SortOptions.jsx","statementMap":{"0":{"start":{"line":3,"column":20},"end":{"line":9,"column":1}},"1":{"start":{"line":4,"column":2},"end":{"line":8,"column":3}}},"fnMap":{"0":{"name":"(anonymous_0)","decl":{"start":{"line":3,"column":20},"end":{"line":3,"column":21}},"loc":{"start":{"line":3,"column":31},"end":{"line":9,"column":1}},"line":3}},"branchMap":{},"s":{"0":1,"1":0},"f":{"0":0},"b":{},"_coverageSchema":"1a1c01bbd47fc00a2c39e90264f33305004495a9","hash":"ff6617c78e28501778671a57799b3266ea5a639b"}
}
